{
  "0 debug pnpm:scope": {
    "selected": 1,
    "workspacePrefix": "/Users/fuzhiqiang/Desktop/Micro-Frontends"
  },
  "1 error pnpm": {
    "code": "ELIFECYCLE",
    "errno": "ENOENT",
    "syscall": "spawn",
    "file": "sh",
    "pkgid": "active@1.0.0",
    "stage": "dev",
    "script": "webpack serve",
    "pkgname": "active",
    "err": {
      "name": "pnpm",
      "message": "active@1.0.0 dev: `webpack serve`\nspawn ENOENT",
      "code": "ELIFECYCLE",
      "stack": "pnpm: active@1.0.0 dev: `webpack serve`\nspawn ENOENT\n    at ChildProcess.<anonymous> (/Users/fuzhiqiang/.nvm/versions/node/v16.14.2/lib/node_modules/pnpm/dist/pnpm.cjs:92278:22)\n    at ChildProcess.emit (node:events:526:28)\n    at maybeClose (node:internal/child_process:1092:16)\n    at Process.ChildProcess._handle.onexit (node:internal/child_process:302:5)"
    }
  },
  "2 warn pnpm:global": " Local package.json exists, but node_modules missing, did you mean to install?"
}